action: GLOB, msg: packaging
cwd: /home/dannielxdx/Documents/Erona/pruebasDjango/proyectoEquipoRest/jueguito
cmd: /home/dannielxdx/.virtualenvs/proyectoEquipo/bin/python setup.py sdist --formats=zip --dist-dir .tox/dist
/home/dannielxdx/.virtualenvs/proyectoEquipo/lib/python3.9/site-packages/setuptools/dist.py:487: UserWarning: Normalizing '0.0.0a' to '0.0.0a0'
  warnings.warn(tmpl.format(**locals()))
running sdist
running egg_info
writing jueguito.egg-info/PKG-INFO
writing dependency_links to jueguito.egg-info/dependency_links.txt
writing top-level names to jueguito.egg-info/top_level.txt
reading manifest file 'jueguito.egg-info/SOURCES.txt'
writing manifest file 'jueguito.egg-info/SOURCES.txt'
warning: sdist: standard file not found: should have one of README, README.rst, README.txt, README.md

running check
warning: check: missing required meta-data: url

warning: check: missing meta-data: either (author and author_email) or (maintainer and maintainer_email) should be supplied

creating jueguito-0.0.0a0
creating jueguito-0.0.0a0/jueguito
creating jueguito-0.0.0a0/jueguito.egg-info
copying files to jueguito-0.0.0a0...
copying setup.py -> jueguito-0.0.0a0
copying jueguito/__init__.py -> jueguito-0.0.0a0/jueguito
copying jueguito/asgi.py -> jueguito-0.0.0a0/jueguito
copying jueguito/settings.py -> jueguito-0.0.0a0/jueguito
copying jueguito/urls.py -> jueguito-0.0.0a0/jueguito
copying jueguito/wsgi.py -> jueguito-0.0.0a0/jueguito
copying jueguito.egg-info/PKG-INFO -> jueguito-0.0.0a0/jueguito.egg-info
copying jueguito.egg-info/SOURCES.txt -> jueguito-0.0.0a0/jueguito.egg-info
copying jueguito.egg-info/dependency_links.txt -> jueguito-0.0.0a0/jueguito.egg-info
copying jueguito.egg-info/top_level.txt -> jueguito-0.0.0a0/jueguito.egg-info
Writing jueguito-0.0.0a0/setup.cfg
creating '.tox/dist/jueguito-0.0.0a0.zip' and adding 'jueguito-0.0.0a0' to it
adding 'jueguito-0.0.0a0'
adding 'jueguito-0.0.0a0/jueguito.egg-info'
adding 'jueguito-0.0.0a0/jueguito'
adding 'jueguito-0.0.0a0/PKG-INFO'
adding 'jueguito-0.0.0a0/setup.cfg'
adding 'jueguito-0.0.0a0/setup.py'
adding 'jueguito-0.0.0a0/jueguito.egg-info/dependency_links.txt'
adding 'jueguito-0.0.0a0/jueguito.egg-info/top_level.txt'
adding 'jueguito-0.0.0a0/jueguito.egg-info/SOURCES.txt'
adding 'jueguito-0.0.0a0/jueguito.egg-info/PKG-INFO'
adding 'jueguito-0.0.0a0/jueguito/__init__.py'
adding 'jueguito-0.0.0a0/jueguito/settings.py'
adding 'jueguito-0.0.0a0/jueguito/urls.py'
adding 'jueguito-0.0.0a0/jueguito/asgi.py'
adding 'jueguito-0.0.0a0/jueguito/wsgi.py'
removing 'jueguito-0.0.0a0' (and everything under it)
